[0.147s] DEBUG:colcon:Command line arguments: ['/usr/bin/colcon', 'build', '--packages-select', 'mcap_replay', '--symlink-install']
[0.147s] DEBUG:colcon:Parsed command line arguments: Namespace(ament_cmake_args=None, base_paths=['.'], build_base='build', catkin_cmake_args=None, catkin_skip_building_tests=False, cmake_args=None, cmake_clean_cache=False, cmake_clean_first=False, cmake_force_configure=False, cmake_target=None, cmake_target_skip_unavailable=False, continue_on_error=False, event_handlers=None, executor='parallel', ignore_user_meta=False, install_base='install', log_base=None, log_level=None, main=<bound method BuildVerb.main of <colcon_core.verb.build.BuildVerb object at 0x7b971acceb50>>, merge_install=False, metas=['./colcon.meta'], packages_above=None, packages_above_and_dependencies=None, packages_above_depth=None, packages_end=None, packages_ignore=None, packages_ignore_regex=None, packages_select=['mcap_replay'], packages_select_build_failed=False, packages_select_by_dep=None, packages_select_regex=None, packages_select_test_failures=False, packages_skip=None, packages_skip_build_finished=False, packages_skip_by_dep=None, packages_skip_regex=None, packages_skip_test_passed=False, packages_skip_up_to=None, packages_start=None, packages_up_to=None, packages_up_to_regex=None, parallel_workers=16, paths=None, symlink_install=True, test_result_base=None, verb_extension=<colcon_core.verb.build.BuildVerb object at 0x7b971acceb50>, verb_name='build', verb_parser=<colcon_defaults.argument_parser.defaults.DefaultArgumentsDecorator object at 0x7b971acdc370>)
[0.248s] Level 1:colcon.colcon_core.package_discovery:discover_packages(colcon_meta) check parameters
[0.248s] Level 1:colcon.colcon_core.package_discovery:discover_packages(recursive) check parameters
[0.248s] Level 1:colcon.colcon_core.package_discovery:discover_packages(ignore) check parameters
[0.249s] Level 1:colcon.colcon_core.package_discovery:discover_packages(path) check parameters
[0.249s] Level 1:colcon.colcon_core.package_discovery:discover_packages(colcon_meta) discover
[0.249s] Level 1:colcon.colcon_core.package_discovery:discover_packages(recursive) discover
[0.249s] INFO:colcon.colcon_core.package_discovery:Crawling recursively for packages in '/workspace/bevnet_nav2_ws/src'
[0.249s] Level 1:colcon.colcon_core.package_identification:_identify(.) by extensions ['ignore', 'ignore_ament_install']
[0.249s] Level 1:colcon.colcon_core.package_identification:_identify(.) by extension 'ignore'
[0.249s] Level 1:colcon.colcon_core.package_identification:_identify(.) by extension 'ignore_ament_install'
[0.249s] Level 1:colcon.colcon_core.package_identification:_identify(.) by extensions ['colcon_pkg']
[0.249s] Level 1:colcon.colcon_core.package_identification:_identify(.) by extension 'colcon_pkg'
[0.249s] Level 1:colcon.colcon_core.package_identification:_identify(.) by extensions ['colcon_meta']
[0.249s] Level 1:colcon.colcon_core.package_identification:_identify(.) by extension 'colcon_meta'
[0.249s] Level 1:colcon.colcon_core.package_identification:_identify(.) by extensions ['ros']
[0.249s] Level 1:colcon.colcon_core.package_identification:_identify(.) by extension 'ros'
[0.258s] Level 1:colcon.colcon_core.package_identification:_identify(.) by extensions ['cmake', 'python']
[0.258s] Level 1:colcon.colcon_core.package_identification:_identify(.) by extension 'cmake'
[0.258s] Level 1:colcon.colcon_core.package_identification:_identify(.) by extension 'python'
[0.258s] Level 1:colcon.colcon_core.package_identification:_identify(.) by extensions ['python_setup_py']
[0.258s] Level 1:colcon.colcon_core.package_identification:_identify(.) by extension 'python_setup_py'
[0.258s] Level 1:colcon.colcon_core.package_identification:_identify(bevnet_nav2) by extensions ['ignore', 'ignore_ament_install']
[0.258s] Level 1:colcon.colcon_core.package_identification:_identify(bevnet_nav2) by extension 'ignore'
[0.258s] Level 1:colcon.colcon_core.package_identification:_identify(bevnet_nav2) by extension 'ignore_ament_install'
[0.258s] Level 1:colcon.colcon_core.package_identification:_identify(bevnet_nav2) by extensions ['colcon_pkg']
[0.258s] Level 1:colcon.colcon_core.package_identification:_identify(bevnet_nav2) by extension 'colcon_pkg'
[0.258s] Level 1:colcon.colcon_core.package_identification:_identify(bevnet_nav2) by extensions ['colcon_meta']
[0.258s] Level 1:colcon.colcon_core.package_identification:_identify(bevnet_nav2) by extension 'colcon_meta'
[0.258s] Level 1:colcon.colcon_core.package_identification:_identify(bevnet_nav2) by extensions ['ros']
[0.258s] Level 1:colcon.colcon_core.package_identification:_identify(bevnet_nav2) by extension 'ros'
[0.261s] DEBUG:colcon.colcon_core.package_identification:Package 'bevnet_nav2' with type 'ros.ament_cmake' and name 'bevnet_nav2'
[0.261s] Level 1:colcon.colcon_core.package_identification:_identify(bevnet_nav2_bringup) by extensions ['ignore', 'ignore_ament_install']
[0.261s] Level 1:colcon.colcon_core.package_identification:_identify(bevnet_nav2_bringup) by extension 'ignore'
[0.261s] Level 1:colcon.colcon_core.package_identification:_identify(bevnet_nav2_bringup) by extension 'ignore_ament_install'
[0.261s] Level 1:colcon.colcon_core.package_identification:_identify(bevnet_nav2_bringup) by extensions ['colcon_pkg']
[0.261s] Level 1:colcon.colcon_core.package_identification:_identify(bevnet_nav2_bringup) by extension 'colcon_pkg'
[0.261s] Level 1:colcon.colcon_core.package_identification:_identify(bevnet_nav2_bringup) by extensions ['colcon_meta']
[0.261s] Level 1:colcon.colcon_core.package_identification:_identify(bevnet_nav2_bringup) by extension 'colcon_meta'
[0.261s] Level 1:colcon.colcon_core.package_identification:_identify(bevnet_nav2_bringup) by extensions ['ros']
[0.261s] Level 1:colcon.colcon_core.package_identification:_identify(bevnet_nav2_bringup) by extension 'ros'
[0.262s] DEBUG:colcon.colcon_core.package_identification:Package 'bevnet_nav2_bringup' with type 'ros.ament_cmake' and name 'bevnet_nav2_bringup'
[0.262s] Level 1:colcon.colcon_core.package_identification:_identify(bevnet_nav2_core) by extensions ['ignore', 'ignore_ament_install']
[0.262s] Level 1:colcon.colcon_core.package_identification:_identify(bevnet_nav2_core) by extension 'ignore'
[0.262s] Level 1:colcon.colcon_core.package_identification:_identify(bevnet_nav2_core) by extension 'ignore_ament_install'
[0.262s] Level 1:colcon.colcon_core.package_identification:_identify(bevnet_nav2_core) by extensions ['colcon_pkg']
[0.262s] Level 1:colcon.colcon_core.package_identification:_identify(bevnet_nav2_core) by extension 'colcon_pkg'
[0.262s] Level 1:colcon.colcon_core.package_identification:_identify(bevnet_nav2_core) by extensions ['colcon_meta']
[0.262s] Level 1:colcon.colcon_core.package_identification:_identify(bevnet_nav2_core) by extension 'colcon_meta'
[0.262s] Level 1:colcon.colcon_core.package_identification:_identify(bevnet_nav2_core) by extensions ['ros']
[0.262s] Level 1:colcon.colcon_core.package_identification:_identify(bevnet_nav2_core) by extension 'ros'
[0.263s] DEBUG:colcon.colcon_core.package_identification:Package 'bevnet_nav2_core' with type 'ros.ament_cmake' and name 'bevnet_nav2_core'
[0.263s] Level 1:colcon.colcon_core.package_identification:_identify(bevnet_nav2_msgs) by extensions ['ignore', 'ignore_ament_install']
[0.263s] Level 1:colcon.colcon_core.package_identification:_identify(bevnet_nav2_msgs) by extension 'ignore'
[0.263s] Level 1:colcon.colcon_core.package_identification:_identify(bevnet_nav2_msgs) by extension 'ignore_ament_install'
[0.263s] Level 1:colcon.colcon_core.package_identification:_identify(bevnet_nav2_msgs) by extensions ['colcon_pkg']
[0.263s] Level 1:colcon.colcon_core.package_identification:_identify(bevnet_nav2_msgs) by extension 'colcon_pkg'
[0.263s] Level 1:colcon.colcon_core.package_identification:_identify(bevnet_nav2_msgs) by extensions ['colcon_meta']
[0.263s] Level 1:colcon.colcon_core.package_identification:_identify(bevnet_nav2_msgs) by extension 'colcon_meta'
[0.263s] Level 1:colcon.colcon_core.package_identification:_identify(bevnet_nav2_msgs) by extensions ['ros']
[0.263s] Level 1:colcon.colcon_core.package_identification:_identify(bevnet_nav2_msgs) by extension 'ros'
[0.264s] DEBUG:colcon.colcon_core.package_identification:Package 'bevnet_nav2_msgs' with type 'ros.ament_cmake' and name 'bevnet_nav2_msgs'
[0.264s] Level 1:colcon.colcon_core.package_identification:_identify(build) by extensions ['ignore', 'ignore_ament_install']
[0.264s] Level 1:colcon.colcon_core.package_identification:_identify(build) by extension 'ignore'
[0.264s] Level 1:colcon.colcon_core.package_identification:_identify(build) ignored
[0.264s] Level 1:colcon.colcon_core.package_identification:_identify(install) by extensions ['ignore', 'ignore_ament_install']
[0.264s] Level 1:colcon.colcon_core.package_identification:_identify(install) by extension 'ignore'
[0.264s] Level 1:colcon.colcon_core.package_identification:_identify(install) ignored
[0.264s] Level 1:colcon.colcon_core.package_identification:_identify(log) by extensions ['ignore', 'ignore_ament_install']
[0.264s] Level 1:colcon.colcon_core.package_identification:_identify(log) by extension 'ignore'
[0.264s] Level 1:colcon.colcon_core.package_identification:_identify(log) ignored
[0.265s] Level 1:colcon.colcon_core.package_identification:_identify(mcap_replay) by extensions ['ignore', 'ignore_ament_install']
[0.265s] Level 1:colcon.colcon_core.package_identification:_identify(mcap_replay) by extension 'ignore'
[0.265s] Level 1:colcon.colcon_core.package_identification:_identify(mcap_replay) by extension 'ignore_ament_install'
[0.265s] Level 1:colcon.colcon_core.package_identification:_identify(mcap_replay) by extensions ['colcon_pkg']
[0.265s] Level 1:colcon.colcon_core.package_identification:_identify(mcap_replay) by extension 'colcon_pkg'
[0.265s] Level 1:colcon.colcon_core.package_identification:_identify(mcap_replay) by extensions ['colcon_meta']
[0.265s] Level 1:colcon.colcon_core.package_identification:_identify(mcap_replay) by extension 'colcon_meta'
[0.265s] Level 1:colcon.colcon_core.package_identification:_identify(mcap_replay) by extensions ['ros']
[0.265s] Level 1:colcon.colcon_core.package_identification:_identify(mcap_replay) by extension 'ros'
[0.266s] DEBUG:colcon.colcon_core.package_identification:Package 'mcap_replay' with type 'ros.ament_cmake' and name 'mcap_replay'
[0.266s] Level 1:colcon.colcon_core.package_discovery:discover_packages(recursive) using defaults
[0.266s] Level 1:colcon.colcon_core.package_discovery:discover_packages(ignore) discover
[0.266s] Level 1:colcon.colcon_core.package_discovery:discover_packages(ignore) using defaults
[0.266s] Level 1:colcon.colcon_core.package_discovery:discover_packages(path) discover
[0.266s] Level 1:colcon.colcon_core.package_discovery:discover_packages(path) using defaults
[0.280s] INFO:colcon.colcon_core.package_selection:Skipping not selected package 'bevnet_nav2' in 'bevnet_nav2'
[0.280s] INFO:colcon.colcon_core.package_selection:Skipping not selected package 'bevnet_nav2_msgs' in 'bevnet_nav2_msgs'
[0.280s] INFO:colcon.colcon_core.package_selection:Skipping not selected package 'bevnet_nav2_core' in 'bevnet_nav2_core'
[0.280s] INFO:colcon.colcon_core.package_selection:Skipping not selected package 'bevnet_nav2_bringup' in 'bevnet_nav2_bringup'
[0.280s] Level 5:colcon.colcon_core.verb:set package 'mcap_replay' build argument 'cmake_args' from command line to 'None'
[0.280s] Level 5:colcon.colcon_core.verb:set package 'mcap_replay' build argument 'cmake_target' from command line to 'None'
[0.280s] Level 5:colcon.colcon_core.verb:set package 'mcap_replay' build argument 'cmake_target_skip_unavailable' from command line to 'False'
[0.280s] Level 5:colcon.colcon_core.verb:set package 'mcap_replay' build argument 'cmake_clean_cache' from command line to 'False'
[0.280s] Level 5:colcon.colcon_core.verb:set package 'mcap_replay' build argument 'cmake_clean_first' from command line to 'False'
[0.280s] Level 5:colcon.colcon_core.verb:set package 'mcap_replay' build argument 'cmake_force_configure' from command line to 'False'
[0.281s] Level 5:colcon.colcon_core.verb:set package 'mcap_replay' build argument 'ament_cmake_args' from command line to 'None'
[0.281s] Level 5:colcon.colcon_core.verb:set package 'mcap_replay' build argument 'catkin_cmake_args' from command line to 'None'
[0.281s] Level 5:colcon.colcon_core.verb:set package 'mcap_replay' build argument 'catkin_skip_building_tests' from command line to 'False'
[0.281s] DEBUG:colcon.colcon_core.verb:Building package 'mcap_replay' with the following arguments: {'ament_cmake_args': None, 'build_base': '/workspace/bevnet_nav2_ws/src/build/mcap_replay', 'catkin_cmake_args': None, 'catkin_skip_building_tests': False, 'cmake_args': None, 'cmake_clean_cache': False, 'cmake_clean_first': False, 'cmake_force_configure': False, 'cmake_target': None, 'cmake_target_skip_unavailable': False, 'install_base': '/workspace/bevnet_nav2_ws/src/install/mcap_replay', 'merge_install': False, 'path': '/workspace/bevnet_nav2_ws/src/mcap_replay', 'symlink_install': True, 'test_result_base': None}
[0.281s] INFO:colcon.colcon_core.executor:Executing jobs using 'parallel' executor
[0.282s] DEBUG:colcon.colcon_parallel_executor.executor.parallel:run_until_complete
[0.282s] INFO:colcon.colcon_ros.task.ament_cmake.build:Building ROS package in '/workspace/bevnet_nav2_ws/src/mcap_replay' with build type 'ament_cmake'
[0.282s] INFO:colcon.colcon_cmake.task.cmake.build:Building CMake package in '/workspace/bevnet_nav2_ws/src/mcap_replay'
[0.284s] INFO:colcon.colcon_core.plugin_system:Skipping extension 'colcon_core.shell.bat': Not used on non-Windows systems
[0.284s] INFO:colcon.colcon_core.shell:Skip shell extension 'powershell' for command environment: Not usable outside of PowerShell
[0.284s] DEBUG:colcon.colcon_core.shell:Skip shell extension 'dsv' for command environment
[0.294s] DEBUG:colcon.colcon_core.event_handler.log_command:Invoking command in '/workspace/bevnet_nav2_ws/src/build/mcap_replay': CMAKE_PREFIX_PATH=${CMAKE_PREFIX_PATH}:/opt/ros/foxy /usr/bin/cmake /workspace/bevnet_nav2_ws/src/mcap_replay -DAMENT_CMAKE_SYMLINK_INSTALL=1 -DCMAKE_INSTALL_PREFIX=/workspace/bevnet_nav2_ws/src/install/mcap_replay
[1.008s] DEBUG:colcon.colcon_core.event_handler.log_command:Invoked command in '/workspace/bevnet_nav2_ws/src/build/mcap_replay' returned '0': CMAKE_PREFIX_PATH=${CMAKE_PREFIX_PATH}:/opt/ros/foxy /usr/bin/cmake /workspace/bevnet_nav2_ws/src/mcap_replay -DAMENT_CMAKE_SYMLINK_INSTALL=1 -DCMAKE_INSTALL_PREFIX=/workspace/bevnet_nav2_ws/src/install/mcap_replay
[1.011s] DEBUG:colcon.colcon_core.event_handler.log_command:Invoking command in '/workspace/bevnet_nav2_ws/src/build/mcap_replay': CMAKE_PREFIX_PATH=${CMAKE_PREFIX_PATH}:/opt/ros/foxy /usr/bin/cmake --build /workspace/bevnet_nav2_ws/src/build/mcap_replay -- -j16 -l16
[1.056s] DEBUG:colcon.colcon_core.event_handler.log_command:Invoked command in '/workspace/bevnet_nav2_ws/src/build/mcap_replay' returned '0': CMAKE_PREFIX_PATH=${CMAKE_PREFIX_PATH}:/opt/ros/foxy /usr/bin/cmake --build /workspace/bevnet_nav2_ws/src/build/mcap_replay -- -j16 -l16
[1.071s] DEBUG:colcon.colcon_core.event_handler.log_command:Invoking command in '/workspace/bevnet_nav2_ws/src/build/mcap_replay': CMAKE_PREFIX_PATH=${CMAKE_PREFIX_PATH}:/opt/ros/foxy /usr/bin/cmake --install /workspace/bevnet_nav2_ws/src/build/mcap_replay
[1.375s] Level 1:colcon.colcon_core.environment:create_environment_scripts_only(mcap_replay)
[1.376s] DEBUG:colcon.colcon_core.event_handler.log_command:Invoked command in '/workspace/bevnet_nav2_ws/src/build/mcap_replay' returned '0': CMAKE_PREFIX_PATH=${CMAKE_PREFIX_PATH}:/opt/ros/foxy /usr/bin/cmake --install /workspace/bevnet_nav2_ws/src/build/mcap_replay
[1.378s] Level 1:colcon.colcon_core.environment:checking '/workspace/bevnet_nav2_ws/src/install/mcap_replay' for CMake module files
[1.378s] Level 1:colcon.colcon_core.environment:checking '/workspace/bevnet_nav2_ws/src/install/mcap_replay' for CMake config files
[1.379s] Level 1:colcon.colcon_core.shell:create_environment_hook('mcap_replay', 'cmake_prefix_path')
[1.379s] INFO:colcon.colcon_core.shell:Creating environment hook '/workspace/bevnet_nav2_ws/src/install/mcap_replay/share/mcap_replay/hook/cmake_prefix_path.ps1'
[1.379s] INFO:colcon.colcon_core.shell:Creating environment descriptor '/workspace/bevnet_nav2_ws/src/install/mcap_replay/share/mcap_replay/hook/cmake_prefix_path.dsv'
[1.380s] INFO:colcon.colcon_core.shell:Creating environment hook '/workspace/bevnet_nav2_ws/src/install/mcap_replay/share/mcap_replay/hook/cmake_prefix_path.sh'
[1.381s] Level 1:colcon.colcon_core.environment:checking '/workspace/bevnet_nav2_ws/src/install/mcap_replay/lib'
[1.381s] Level 1:colcon.colcon_core.environment:checking '/workspace/bevnet_nav2_ws/src/install/mcap_replay/bin'
[1.381s] Level 1:colcon.colcon_core.environment:checking '/workspace/bevnet_nav2_ws/src/install/mcap_replay/lib/pkgconfig/mcap_replay.pc'
[1.382s] Level 1:colcon.colcon_core.environment:checking '/workspace/bevnet_nav2_ws/src/install/mcap_replay/lib/python3.8/site-packages'
[1.382s] Level 1:colcon.colcon_core.shell:create_environment_hook('mcap_replay', 'pythonpath')
[1.382s] INFO:colcon.colcon_core.shell:Creating environment hook '/workspace/bevnet_nav2_ws/src/install/mcap_replay/share/mcap_replay/hook/pythonpath.ps1'
[1.382s] INFO:colcon.colcon_core.shell:Creating environment descriptor '/workspace/bevnet_nav2_ws/src/install/mcap_replay/share/mcap_replay/hook/pythonpath.dsv'
[1.383s] INFO:colcon.colcon_core.shell:Creating environment hook '/workspace/bevnet_nav2_ws/src/install/mcap_replay/share/mcap_replay/hook/pythonpath.sh'
[1.383s] Level 1:colcon.colcon_core.environment:checking '/workspace/bevnet_nav2_ws/src/install/mcap_replay/bin'
[1.383s] INFO:colcon.colcon_core.shell:Creating package script '/workspace/bevnet_nav2_ws/src/install/mcap_replay/share/mcap_replay/package.ps1'
[1.384s] INFO:colcon.colcon_core.shell:Creating package descriptor '/workspace/bevnet_nav2_ws/src/install/mcap_replay/share/mcap_replay/package.dsv'
[1.384s] INFO:colcon.colcon_core.shell:Creating package script '/workspace/bevnet_nav2_ws/src/install/mcap_replay/share/mcap_replay/package.sh'
[1.385s] INFO:colcon.colcon_core.shell:Creating package script '/workspace/bevnet_nav2_ws/src/install/mcap_replay/share/mcap_replay/package.bash'
[1.385s] INFO:colcon.colcon_core.shell:Creating package script '/workspace/bevnet_nav2_ws/src/install/mcap_replay/share/mcap_replay/package.zsh'
[1.386s] Level 1:colcon.colcon_core.environment:create_file_with_runtime_dependencies(/workspace/bevnet_nav2_ws/src/install/mcap_replay/share/colcon-core/packages/mcap_replay)
[1.386s] Level 1:colcon.colcon_core.environment:create_environment_scripts_only(mcap_replay)
[1.387s] Level 1:colcon.colcon_core.environment:checking '/workspace/bevnet_nav2_ws/src/install/mcap_replay' for CMake module files
[1.387s] Level 1:colcon.colcon_core.environment:checking '/workspace/bevnet_nav2_ws/src/install/mcap_replay' for CMake config files
[1.387s] Level 1:colcon.colcon_core.shell:create_environment_hook('mcap_replay', 'cmake_prefix_path')
[1.388s] INFO:colcon.colcon_core.shell:Creating environment hook '/workspace/bevnet_nav2_ws/src/install/mcap_replay/share/mcap_replay/hook/cmake_prefix_path.ps1'
[1.388s] INFO:colcon.colcon_core.shell:Creating environment descriptor '/workspace/bevnet_nav2_ws/src/install/mcap_replay/share/mcap_replay/hook/cmake_prefix_path.dsv'
[1.388s] INFO:colcon.colcon_core.shell:Creating environment hook '/workspace/bevnet_nav2_ws/src/install/mcap_replay/share/mcap_replay/hook/cmake_prefix_path.sh'
[1.389s] Level 1:colcon.colcon_core.environment:checking '/workspace/bevnet_nav2_ws/src/install/mcap_replay/lib'
[1.389s] Level 1:colcon.colcon_core.environment:checking '/workspace/bevnet_nav2_ws/src/install/mcap_replay/bin'
[1.389s] Level 1:colcon.colcon_core.environment:checking '/workspace/bevnet_nav2_ws/src/install/mcap_replay/lib/pkgconfig/mcap_replay.pc'
[1.389s] Level 1:colcon.colcon_core.environment:checking '/workspace/bevnet_nav2_ws/src/install/mcap_replay/lib/python3.8/site-packages'
[1.389s] Level 1:colcon.colcon_core.shell:create_environment_hook('mcap_replay', 'pythonpath')
[1.389s] INFO:colcon.colcon_core.shell:Creating environment hook '/workspace/bevnet_nav2_ws/src/install/mcap_replay/share/mcap_replay/hook/pythonpath.ps1'
[1.390s] INFO:colcon.colcon_core.shell:Creating environment descriptor '/workspace/bevnet_nav2_ws/src/install/mcap_replay/share/mcap_replay/hook/pythonpath.dsv'
[1.390s] INFO:colcon.colcon_core.shell:Creating environment hook '/workspace/bevnet_nav2_ws/src/install/mcap_replay/share/mcap_replay/hook/pythonpath.sh'
[1.390s] Level 1:colcon.colcon_core.environment:checking '/workspace/bevnet_nav2_ws/src/install/mcap_replay/bin'
[1.391s] INFO:colcon.colcon_core.shell:Creating package script '/workspace/bevnet_nav2_ws/src/install/mcap_replay/share/mcap_replay/package.ps1'
[1.391s] INFO:colcon.colcon_core.shell:Creating package descriptor '/workspace/bevnet_nav2_ws/src/install/mcap_replay/share/mcap_replay/package.dsv'
[1.391s] INFO:colcon.colcon_core.shell:Creating package script '/workspace/bevnet_nav2_ws/src/install/mcap_replay/share/mcap_replay/package.sh'
[1.392s] INFO:colcon.colcon_core.shell:Creating package script '/workspace/bevnet_nav2_ws/src/install/mcap_replay/share/mcap_replay/package.bash'
[1.392s] INFO:colcon.colcon_core.shell:Creating package script '/workspace/bevnet_nav2_ws/src/install/mcap_replay/share/mcap_replay/package.zsh'
[1.392s] Level 1:colcon.colcon_core.environment:create_file_with_runtime_dependencies(/workspace/bevnet_nav2_ws/src/install/mcap_replay/share/colcon-core/packages/mcap_replay)
[1.393s] DEBUG:colcon.colcon_parallel_executor.executor.parallel:closing loop
[1.393s] DEBUG:colcon.colcon_parallel_executor.executor.parallel:loop closed
[1.393s] DEBUG:colcon.colcon_parallel_executor.executor.parallel:run_until_complete finished with '0'
[1.393s] DEBUG:colcon.colcon_core.event_reactor:joining thread
[1.398s] INFO:colcon.colcon_core.plugin_system:Skipping extension 'colcon_notification.desktop_notification.notify_send': Could not find 'notify-send'
[1.398s] INFO:colcon.colcon_core.plugin_system:Skipping extension 'colcon_notification.desktop_notification.terminal_notifier': Not used on non-Darwin systems
[1.398s] INFO:colcon.colcon_core.plugin_system:Skipping extension 'colcon_notification.desktop_notification.win32': Not used on non-Windows systems
[1.398s] INFO:colcon.colcon_notification.desktop_notification:Sending desktop notification using 'notify2'
[1.400s] DEBUG:colcon.colcon_notification.desktop_notification.notify2:Failed to initialize notify2: org.freedesktop.DBus.Error.Spawn.ExecFailed: /usr/bin/dbus-launch terminated abnormally without any error message
[1.401s] DEBUG:colcon.colcon_core.event_reactor:joined thread
[1.401s] INFO:colcon.colcon_core.shell:Creating prefix script '/workspace/bevnet_nav2_ws/src/install/local_setup.ps1'
[1.402s] INFO:colcon.colcon_core.shell:Creating prefix util module '/workspace/bevnet_nav2_ws/src/install/_local_setup_util_ps1.py'
[1.403s] INFO:colcon.colcon_core.shell:Creating prefix chain script '/workspace/bevnet_nav2_ws/src/install/setup.ps1'
[1.404s] INFO:colcon.colcon_core.shell:Creating prefix script '/workspace/bevnet_nav2_ws/src/install/local_setup.sh'
[1.405s] INFO:colcon.colcon_core.shell:Creating prefix util module '/workspace/bevnet_nav2_ws/src/install/_local_setup_util_sh.py'
[1.405s] INFO:colcon.colcon_core.shell:Creating prefix chain script '/workspace/bevnet_nav2_ws/src/install/setup.sh'
[1.406s] INFO:colcon.colcon_core.shell:Creating prefix script '/workspace/bevnet_nav2_ws/src/install/local_setup.bash'
[1.406s] INFO:colcon.colcon_core.shell:Creating prefix chain script '/workspace/bevnet_nav2_ws/src/install/setup.bash'
[1.407s] INFO:colcon.colcon_core.shell:Creating prefix script '/workspace/bevnet_nav2_ws/src/install/local_setup.zsh'
[1.408s] INFO:colcon.colcon_core.shell:Creating prefix chain script '/workspace/bevnet_nav2_ws/src/install/setup.zsh'
