-- The C compiler identification is GNU 9.4.0
-- The CXX compiler identification is GNU 9.4.0
-- Check for working C compiler: /usr/bin/cc
-- Check for working C compiler: /usr/bin/cc -- works
-- Detecting C compiler ABI info
-- Detecting C compiler ABI info - done
-- Detecting C compile features
-- Detecting C compile features - done
-- Check for working CXX compiler: /usr/bin/c++
-- Check for working CXX compiler: /usr/bin/c++ -- works
-- Detecting CXX compiler ABI info
-- Detecting CXX compiler ABI info - done
-- Detecting CXX compile features
-- Detecting CXX compile features - done
-- Found ament_cmake: 0.9.12 (/opt/ros/foxy/share/ament_cmake/cmake)
-- Found PythonInterp: /usr/bin/python3 (found suitable version "3.8.10", minimum required is "3") 
-- Using PYTHON_EXECUTABLE: /usr/bin/python3
-- Override CMake install command with custom implementation using symlinks instead of copying resources
-- Found rclpy: 1.0.13 (/opt/ros/foxy/share/rclpy/cmake)
-- Found ament_lint_auto: 0.9.8 (/opt/ros/foxy/share/ament_lint_auto/cmake)
-- Configuring done
-- Generating done
-- Build files have been written to: /workspace/bevnet_nav2_ws/src/build/mcap_replay
-- Install configuration: ""
-- Execute custom install script
-- Symlinking: /workspace/bevnet_nav2_ws/src/install/mcap_replay/share/mcap_replay/environment/pythonpath.sh
-- Symlinking: /workspace/bevnet_nav2_ws/src/install/mcap_replay/share/mcap_replay/environment/pythonpath.dsv
-- Symlinking: /workspace/bevnet_nav2_ws/src/install/mcap_replay/lib/python3.8/site-packages/mcap_replay/__init__.py
-- Symlinking: /workspace/bevnet_nav2_ws/src/install/mcap_replay/lib/python3.8/site-packages/mcap_replay/data_synchronizer.py
-- Symlinking: /workspace/bevnet_nav2_ws/src/install/mcap_replay/lib/python3.8/site-packages/mcap_replay/kitti_converter.py
-- Symlinking: /workspace/bevnet_nav2_ws/src/install/mcap_replay/lib/python3.8/site-packages/mcap_replay/mcap_player.py
-- Symlinking: /workspace/bevnet_nav2_ws/src/install/mcap_replay/lib/mcap_replay/mcap_player.py
-- Symlinking: /workspace/bevnet_nav2_ws/src/install/mcap_replay/lib/mcap_replay/kitti_converter.py
-- Symlinking: /workspace/bevnet_nav2_ws/src/install/mcap_replay/lib/mcap_replay/data_synchronizer.py
-- Symlinking: /workspace/bevnet_nav2_ws/src/install/mcap_replay/share/ament_index/resource_index/package_run_dependencies/mcap_replay
-- Symlinking: /workspace/bevnet_nav2_ws/src/install/mcap_replay/share/ament_index/resource_index/parent_prefix_path/mcap_replay
-- Symlinking: /workspace/bevnet_nav2_ws/src/install/mcap_replay/share/mcap_replay/environment/ament_prefix_path.sh
-- Symlinking: /workspace/bevnet_nav2_ws/src/install/mcap_replay/share/mcap_replay/environment/ament_prefix_path.dsv
-- Symlinking: /workspace/bevnet_nav2_ws/src/install/mcap_replay/share/mcap_replay/environment/path.sh
-- Symlinking: /workspace/bevnet_nav2_ws/src/install/mcap_replay/share/mcap_replay/environment/path.dsv
-- Symlinking: /workspace/bevnet_nav2_ws/src/install/mcap_replay/share/mcap_replay/local_setup.bash
-- Symlinking: /workspace/bevnet_nav2_ws/src/install/mcap_replay/share/mcap_replay/local_setup.sh
-- Symlinking: /workspace/bevnet_nav2_ws/src/install/mcap_replay/share/mcap_replay/local_setup.zsh
-- Symlinking: /workspace/bevnet_nav2_ws/src/install/mcap_replay/share/mcap_replay/local_setup.dsv
-- Symlinking: /workspace/bevnet_nav2_ws/src/install/mcap_replay/share/mcap_replay/package.dsv
-- Symlinking: /workspace/bevnet_nav2_ws/src/install/mcap_replay/share/ament_index/resource_index/packages/mcap_replay
-- Symlinking: /workspace/bevnet_nav2_ws/src/install/mcap_replay/share/mcap_replay/cmake/mcap_replayConfig.cmake
-- Symlinking: /workspace/bevnet_nav2_ws/src/install/mcap_replay/share/mcap_replay/cmake/mcap_replayConfig-version.cmake
-- Symlinking: /workspace/bevnet_nav2_ws/src/install/mcap_replay/share/mcap_replay/package.xml
Listing '/workspace/bevnet_nav2_ws/src/install/mcap_replay/lib/python3.8/site-packages/mcap_replay'...
Compiling '/workspace/bevnet_nav2_ws/src/install/mcap_replay/lib/python3.8/site-packages/mcap_replay/__init__.py'...
Compiling '/workspace/bevnet_nav2_ws/src/install/mcap_replay/lib/python3.8/site-packages/mcap_replay/data_synchronizer.py'...
Compiling '/workspace/bevnet_nav2_ws/src/install/mcap_replay/lib/python3.8/site-packages/mcap_replay/kitti_converter.py'...
Compiling '/workspace/bevnet_nav2_ws/src/install/mcap_replay/lib/python3.8/site-packages/mcap_replay/mcap_player.py'...
